<?xml version="1.0" encoding="UTF-8"?>
<!-- Generated by org.testng.reporters.JUnitXMLReporter -->
<testsuite hostname="PAVANKUMAR" failures="1" tests="1" name="Chrome_Windows10_Test" time="36.46" errors="0" timestamp="15 Jun 2023 07:44:55 GMT">
  <testcase classname="com.lamdatest.tests.LamdaTestAssesmentAdvanced_1Test" name="ScenarioLTC_Test" time="17.863">
    <failure type="java.lang.AssertionError" message="The following asserts failed:
	Page title is not as expected expected [TestingWhiz Integration | LambdaTest] but found [Running Automation Tests Using TestingWhiz LambdaTest | LambdaTest]">
      <![CDATA[java.lang.AssertionError: The following asserts failed:
	Page title is not as expected expected [TestingWhiz Integration | LambdaTest] but found [Running Automation Tests Using TestingWhiz LambdaTest | LambdaTest]
	at com.lamdatest.tests.LamdaTestAssesmentAdvanced_1Test.ScenarioLTC_Test(LamdaTestAssesmentAdvanced_1Test.java:66)
	at java.base/java.util.concurrent.FutureTask.run(FutureTask.java:264)
	at java.base/java.util.concurrent.ThreadPoolExecutor.runWorker(ThreadPoolExecutor.java:1136)
	at java.base/java.util.concurrent.ThreadPoolExecutor$Worker.run(ThreadPoolExecutor.java:635)
	at java.base/java.lang.Thread.run(Thread.java:833)
... Removed 17 stack frames]]>
    </failure>
  </testcase> <!-- ScenarioLTC_Test -->
</testsuite> <!-- Chrome_Windows10_Test -->
