<?xml version="1.0" encoding="UTF-8"?>
<!-- Generated by org.testng.reporters.JUnitXMLReporter -->
<testsuite hostname="PAVANKUMAR" failures="1" tests="1" name="Edge_Mac_Test" time="39.413" errors="0" timestamp="15 Jun 2023 07:44:58 GMT">
  <testcase classname="com.lamdatest.tests.LamdaTestAssesmentAdvanced_2Test" name="ScenarioLTC_Test" time="25.781">
    <failure type="java.lang.AssertionError" message="The following asserts failed:
	Page title is not as expected expected [TestingWhiz Integration | LambdaTest] but found [Running Automation Tests Using TestingWhiz LambdaTest | LambdaTest]">
      <![CDATA[java.lang.AssertionError: The following asserts failed:
	Page title is not as expected expected [TestingWhiz Integration | LambdaTest] but found [Running Automation Tests Using TestingWhiz LambdaTest | LambdaTest]
	at com.lamdatest.tests.LamdaTestAssesmentAdvanced_2Test.ScenarioLTC_Test(LamdaTestAssesmentAdvanced_2Test.java:66)
	at java.base/java.util.concurrent.FutureTask.run(FutureTask.java:264)
	at java.base/java.util.concurrent.ThreadPoolExecutor.runWorker(ThreadPoolExecutor.java:1136)
	at java.base/java.util.concurrent.ThreadPoolExecutor$Worker.run(ThreadPoolExecutor.java:635)
	at java.base/java.lang.Thread.run(Thread.java:833)
... Removed 17 stack frames]]>
    </failure>
  </testcase> <!-- ScenarioLTC_Test -->
</testsuite> <!-- Edge_Mac_Test -->
